<?xml version="1.0" encoding="UTF-8"?>
<testng-results ignored="0" total="1" passed="1" failed="0" skipped="0">
  <reporter-output>
  </reporter-output>
  <suite started-at="2020-04-14T06:42:35Z" name="Default suite" finished-at="2020-04-14T06:43:03Z" duration-ms="27199">
    <groups>
    </groups>
    <test started-at="2020-04-14T06:42:35Z" name="Default test" finished-at="2020-04-14T06:43:03Z" duration-ms="27199">
      <class name="testRobotClass.RobotClassTest">
        <test-method is-config="true" signature="drive()[pri:0, instance:testRobotClass.RobotClassTest@525f1e4e]" started-at="2020-04-14T12:12:35Z" name="drive" finished-at="2020-04-14T12:12:45Z" duration-ms="9452" status="PASS">
          <reporter-output>
          </reporter-output>
        </test-method> <!-- drive -->
        <test-method signature="robotClassPrctice()[pri:0, instance:testRobotClass.RobotClassTest@525f1e4e]" started-at="2020-04-14T12:12:45Z" name="robotClassPrctice" finished-at="2020-04-14T12:13:02Z" duration-ms="16887" status="PASS">
          <reporter-output>
          </reporter-output>
        </test-method> <!-- robotClassPrctice -->
        <test-method is-config="true" signature="close()[pri:0, instance:testRobotClass.RobotClassTest@525f1e4e]" started-at="2020-04-14T12:13:02Z" name="close" finished-at="2020-04-14T12:13:03Z" duration-ms="825" status="PASS">
          <reporter-output>
          </reporter-output>
        </test-method> <!-- close -->
      </class> <!-- testRobotClass.RobotClassTest -->
    </test> <!-- Default test -->
  </suite> <!-- Default suite -->
</testng-results>
